<?xml version="1.0" encoding="UTF-8"?>
<!-- Generated by org.testng.reporters.JUnitReportReporter -->
<testsuite hostname="KAI-DT136" name="com.SchoolOfDragons.LiveLoginChecks.TestCase3" tests="1" failures="0" timestamp="11 May 2016 06:07:48 GMT" time="75.806" errors="0">
  <testcase name="ValidNonAuthorisedParentLogin" time="75.806" classname="com.SchoolOfDragons.LiveLoginChecks.TestCase3"/>
</testsuite> <!-- com.SchoolOfDragons.LiveLoginChecks.TestCase3 -->
