<?xml version="1.0" encoding="UTF-8"?>
<!-- Generated by org.testng.reporters.JUnitReportReporter -->
<testsuite hostname="KAI-DT136" name="com.SchoolOfDragons.QaLoginChecks.TestCase1" tests="1" failures="0" timestamp="11 May 2016 14:05:13 GMT" time="58.105" errors="0">
  <testcase name="ValidAuthorisedPlayerLogin" time="58.105" classname="com.SchoolOfDragons.QaLoginChecks.TestCase1"/>
</testsuite> <!-- com.SchoolOfDragons.QaLoginChecks.TestCase1 -->
