<?xml version="1.0" encoding="UTF-8"?>
<!-- Generated by org.testng.reporters.JUnitReportReporter -->
<testsuite hostname="KAI-DT136" name="com.SchoolOfDragons.QaLoginChecks.TestCase3" tests="1" failures="0" timestamp="11 May 2016 14:05:14 GMT" time="77.020" errors="0">
  <testcase name="ValidNonAuthorisedParentLogin" time="77.020" classname="com.SchoolOfDragons.QaLoginChecks.TestCase3"/>
</testsuite> <!-- com.SchoolOfDragons.QaLoginChecks.TestCase3 -->
